This is pdfTeX, Version 3.1415926-1.40.10 (TeX Live 2009/Debian) (format=pdfetex 2011.5.11)  29 JUN 2011 14:54
entering extended mode
 file:line:error style messages enabled.
 %&-line parsing enabled.
**\catcode126=12 \def\normaltilde{~}\catcode126=13 \let~\normaltilde  \input ./
SpecialTopic_Modules.texinfo
(./SpecialTopic_Modules.texinfo (./texinfo-altfont.tex altfont (v1.0))
(./texinfo-logo.tex logo (v1.02)) (./texinfo.tex
Loading texinfo [version 2011-06-28.17]:
\bindingoffset=\dimen16
\normaloffset=\dimen17
\pagewidth=\dimen18
\pageheight=\dimen19
\outerhsize=\dimen20
\outervsize=\dimen21
\cornerlong=\dimen22
\cornerthick=\dimen23
\topandbottommargin=\dimen24
\headlinebox=\box16
\footlinebox=\box17
\margin=\insert252
\EMsimple=\toks13
\groupbox=\box18
\groupinvalidhelp=\toks14
\mil=\dimen25
\exdentamount=\skip18
\inmarginspacing=\skip19
 pdf,
\tempnum=\count27
\lnkcount=\count28
\filename=\toks15
\filenamelength=\count29
\pgn=\count30
\toksA=\toks16
\toksB=\toks17
\toksC=\toks18
\toksD=\toks19
\boxA=\box19
\countA=\count31
\nopdfimagehelp=\toks20
 fonts,
\sffam=\fam8
\textleading=\dimen26
\fontdepth=\count32
 page headings,
\titlepagetopglue=\skip20
\titlepagebottomglue=\skip21
\evenheadline=\toks21
\oddheadline=\toks22
\evenfootline=\toks23
\oddfootline=\toks24
 tables,
\tableindent=\dimen27
\itemindent=\dimen28
\itemmargin=\dimen29
\itemmax=\dimen30
\itemno=\count33
\multitableparskip=\skip22
\multitableparindent=\skip23
\multitablecolspace=\dimen31
\multitablelinespace=\skip24
\colcount=\count34
\everytab=\toks25

conditionals,
\doignorecount=\count35
 indexing,
\whatsitskip=\skip25
\whatsitpenalty=\count36
\secondaryindent=\skip26
\partialpage=\box20
\doublecolumnhsize=\dimen32
 sectioning,
\unnumberedno=\count37
\chapno=\count38
\secno=\count39
\subsecno=\count40
\subsubsecno=\count41
\appendixno=\count42
\absseclevel=\count43
\secbase=\count44
\chapheadingskip=\skip27
\secheadingskip=\skip28
\subsecheadingskip=\skip29
 toc,
\tocfile=\write0
\contentsrightmargin=\skip30
\savepageno=\count45
\lastnegativepageno=\count46
\tocindent=\dimen33
 environments,
\errorbox=\box21
\lispnarrowing=\skip31
\envskipamount=\skip32
\circthick=\dimen34
\cartouter=\dimen35
\cartinner=\dimen36
\normbskip=\skip33
\normpskip=\skip34
\normlskip=\skip35
\lskip=\skip36
\rskip=\skip37
\tabw=\dimen37
 defuns,
\defbodyindent=\skip38
\defargsindent=\skip39
\deflastargmargin=\skip40
\defunpenalty=\count47
\parencount=\count48
\brackcount=\count49
 macros,
\paramno=\count50
\macname=\toks26

cross references,
\auxfile=\write1
\savesfregister=\count51
 insertions,
\footnoteno=\count52
\SAVEfootins=\box22
\SAVEmargin=\box23

(/usr/share/texmf-texlive/tex/generic/epsf/epsf.tex
This is `epsf.tex' v2.7.3 <23 July 2005>
\epsffilein=\read1
\epsfframemargin=\dimen38
\epsfframethickness=\dimen39
\epsfrsize=\dimen40
\epsftmp=\dimen41
\epsftsize=\dimen42
\epsfxsize=\dimen43
\epsfysize=\dimen44
\pspoints=\dimen45
)
\noepsfhelp=\toks27
 localization,
\nolanghelp=\toks28
\countUTFx=\count53
\countUTFy=\count54
\countUTFz=\count55
 formatting,
\defaultparindent=\dimen46
 and turning on texinfo input format.)
(./txi-cmbright.tex altfont-cmbright (v1.0)) (./SpecialTopic_Modules.aux)
\openout1 = `SpecialTopic_Modules.aux'.

@cpindfile=@write2
@fnindfile=@write3
@vrindfile=@write4
@tpindfile=@write5
@kyindfile=@write6
@pgindfile=@write7


pdfTeX warning: pdfetex (file ./CFEngineFrontPage.pdf): PDF inclusion: found PD
F version <1.7>, but at most version <1.4> allowed
 <./CFEngineFrontPage.pdf> [1
\openout2 = `SpecialTopic_Modules.cp'.

\openout3 = `SpecialTopic_Modules.fn'.

\openout4 = `SpecialTopic_Modules.vr'.

\openout5 = `SpecialTopic_Modules.tp'.

\openout6 = `SpecialTopic_Modules.ky'.

\openout7 = `SpecialTopic_Modules.pg'.

{/var/lib/texmf/fonts/map/pdftex/updmap/pdftex.map}] [2] (./SpecialTopic_Module
s.toc) <./NewLogo.pdf> [-1] <./NewLogo.pdf>
[-2]
\openout0 = `SpecialTopic_Modules.toc'.

 <./NewLogo.pdf> [1] <./service_catalogue.png (PNG copy)>
Overfull \hbox (50.98755pt too wide) detected at line 204
 [] |

@hbox(188.30766+0.0)x433.62
.@kern 57.81621
.@glue 0.0 plus 1.0fil
.@pdfrefximage(188.30766+0.0)x426.79134
.@glue 0.0 plus 1.0fil
.@kern 0.0
.etc.

 <./NewLogo.pdf> [2] <./cdp_services_report.png>
Overfull \hbox (50.98755pt too wide) detected at line 268
 [] |

@hbox(107.82097+0.0)x433.62
.@kern 57.81621
.@glue 0.0 plus 1.0fil
.@pdfrefximage(107.82097+0.0)x426.79134
.@glue 0.0 plus 1.0fil
.@kern 0.0
.etc.

 <./NewLogo.pdf> [3] <./NewLogo.pdf> [4] <./NewLogo.pdf> [5] <./NewLogo.pdf>
[6] <./NewLogo.pdf> [7] <./NewLogo.pdf> [8] <./NewLogo.pdf> [9] <./NewLogo.pdf>
[10] <./NewLogo.pdf> [11] <./NewLogo.pdf> [12] ) 
Here is how much of TeX's memory you used:
 1767 strings out of 497129
 22147 string characters out of 1207599
 54061 words of memory out of 3000000
 2822 multiletter control sequences out of 15000+50000
 53213 words of font info for 178 fonts, out of 3000000 for 9000
 51 hyphenation exceptions out of 8191
 14i,6n,17p,356b,344s stack positions out of 5000i,500n,10000p,200000b,50000s
</usr/share/texmf-texlive/fonts
/type1/public/amsfonts/cm/cmmi10.pfb></usr/share/texmf-texlive/fonts/type1/publ
ic/amsfonts/cm/cmr7.pfb></usr/share/texmf-texlive/fonts/type1/public/amsfonts/c
m/cmsy10.pfb></usr/share/texmf-texlive/fonts/type1/public/hfbright/hfbr10.pfb><
/usr/share/texmf-texlive/fonts/type1/public/hfbright/hfbrbx10.pfb></usr/share/t
exmf-texlive/fonts/type1/public/hfbright/hfbrsl10.pfb></usr/share/texmf-texlive
/fonts/type1/public/hfbright/hftl10.pfb></usr/share/texmf-texlive/fonts/type1/p
ublic/amsfonts/latxfont/lcircle1.pfb>
Output written on SpecialTopic_Modules.pdf (16 pages, 462187 bytes).
PDF statistics:
 200 PDF objects out of 1000 (max. 8388607)
 27 named destinations out of 1000 (max. 500000)
 98 words of extra memory for PDF output out of 10000 (max. 10000000)

